["2023-05-15T20:26:28.046", "DEBUG", "root", "load_file", 356, "Reading file: /etc/os-release", {}]
["2023-05-15T20:26:28.051", "DEBUG", "root", "load_file", 356, "Reading file: /proc/version_signature", {}]
["2023-05-15T20:26:28.156", "DEBUG", "root", "load_file", 356, "Reading file: /var/lib/ubuntu-advantage/status.json", {}]
["2023-05-15T20:26:28.156", "DEBUG", "root", "read_cache", 478, "File does not exist: /var/lib/ubuntu-advantage/status.json", {}]
["2023-05-15T20:26:28.156", "DEBUG", "root", "load_file", 356, "Reading file: /var/lib/ubuntu-advantage/private/machine-token.json", {}]
["2023-05-15T20:26:28.157", "DEBUG", "uaclient.files.files", "read", 55, "File does not exist: /var/lib/ubuntu-advantage/private/machine-token.json", {}]
["2023-05-15T20:26:28.157", "DEBUG", "root", "readurl", 312, "URL [GET]: https://contracts.canonical.com/v1/resources?architecture=amd64&kernel=5.15.0-72-generic&series=jammy&virt=oracle, headers: {'accept': 'application/json', 'content-type': 'application/json', 'user-agent': 'UA-Client/27.14.4~22.04'}, data: None", {}]
["2023-05-15T20:26:29.769", "DEBUG", "root", "readurl", 341, "URL [GET] response: https://contracts.canonical.com/v1/resources?architecture=amd64&kernel=5.15.0-72-generic&series=jammy&virt=oracle, headers: {'Cache-Control': 'no-store, max-age=0', 'Connection': 'close', 'Content-Length': '838', 'Content-Type': 'application/json', 'Date': 'Mon, 15 May 2023 20:26:29 GMT', 'Server': 'openresty/1.15.8.2', 'Strict-Transport-Security': 'max-age=15724800; includeSubDomains', 'Vary': 'Accept-Encoding', 'X-Trace-Id': 'b050a012-21d4-4784-a6e4-34af1c998230'}, data: {'resources': [{'available': True, 'name': 'anbox-cloud'}, {'available': True, 'name': 'anbox-images'}, {'available': True, 'name': 'cc'}, {'available': False, 'name': 'cc-eal'}, {'available': True, 'name': 'cis', 'presentedAs': 'usg'}, {'available': False, 'name': 'esm'}, {'available': True, 'name': 'esm-apps'}, {'available': False, 'name': 'esm-apps-python'}, {'available': True, 'name': 'esm-infra'}, {'available': False, 'name': 'esm-python'}, {'available': False, 'name': 'esm-ros'}, {'available': False, 'name': 'fips'}, {'available': False, 'name': 'fips-preview'}, {'available': False, 'name': 'fips-updates'}, {'available': True, 'name': 'landscape'}, {'available': True, 'name': 'livepatch'}, {'available': True, 'name': 'livepatch-onprem'}, {'available': True, 'name': 'realtime-kernel'}, {'available': False, 'name': 'ros'}, {'available': False, 'name': 'ros-updates'}, {'available': True, 'name': 'support'}]}", {}]
["2023-05-15T20:26:29.772", "DEBUG", "uaclient.status", "_unattached_status", 258, "Ignoring availability of unknown service anbox-cloud from contract server\n", {}]
["2023-05-15T20:26:29.772", "DEBUG", "uaclient.status", "_unattached_status", 258, "Ignoring availability of unknown service anbox-images from contract server\n", {}]
["2023-05-15T20:26:29.773", "DEBUG", "uaclient.status", "_unattached_status", 258, "Ignoring availability of unknown service cc from contract server\n", {}]
["2023-05-15T20:26:29.773", "DEBUG", "uaclient.status", "_unattached_status", 258, "Ignoring availability of unknown service esm from contract server\n", {}]
["2023-05-15T20:26:29.773", "DEBUG", "uaclient.status", "_unattached_status", 258, "Ignoring availability of unknown service esm-apps-python from contract server\n", {}]
["2023-05-15T20:26:29.773", "DEBUG", "uaclient.status", "_unattached_status", 258, "Ignoring availability of unknown service esm-python from contract server\n", {}]
["2023-05-15T20:26:29.774", "DEBUG", "uaclient.status", "_unattached_status", 258, "Ignoring availability of unknown service esm-ros from contract server\n", {}]
["2023-05-15T20:26:29.774", "DEBUG", "uaclient.status", "_unattached_status", 258, "Ignoring availability of unknown service fips-preview from contract server\n", {}]
["2023-05-15T20:26:29.774", "DEBUG", "uaclient.status", "_unattached_status", 258, "Ignoring availability of unknown service landscape from contract server\n", {}]
["2023-05-15T20:26:29.775", "DEBUG", "root", "status", 118, "canonical-livepatch is not installed", {}]
["2023-05-15T20:26:29.775", "DEBUG", "root", "load_file", 356, "Reading file: /tmp/ubuntu-advantage/livepatch-kernel-support-cache.json", {}]
["2023-05-15T20:26:29.775", "DEBUG", "uaclient.files.files", "read", 55, "File does not exist: /tmp/ubuntu-advantage/livepatch-kernel-support-cache.json", {}]
["2023-05-15T20:26:29.775", "DEBUG", "root", "on_supported_kernel", 318, "using livepatch support api", {}]
["2023-05-15T20:26:29.776", "DEBUG", "uaclient.config", "parse_config", 670, "Using client configuration file at /etc/ubuntu-advantage/uaclient.conf", {}]
["2023-05-15T20:26:29.776", "DEBUG", "root", "load_file", 356, "Reading file: /etc/ubuntu-advantage/uaclient.conf", {}]
["2023-05-15T20:26:29.778", "DEBUG", "root", "load_file", 356, "Reading file: /var/lib/ubuntu-advantage/user-config.json", {}]
["2023-05-15T20:26:29.778", "DEBUG", "uaclient.files.files", "read", 55, "File does not exist: /var/lib/ubuntu-advantage/user-config.json", {}]
["2023-05-15T20:26:29.779", "DEBUG", "root", "readurl", 312, "URL [GET]: https://livepatch.canonical.com/v1/api/kernels/supported?architecture=amd64&codename=jammy&flavour=generic&kernel-version=5.15, headers: {'accept': 'application/json', 'content-type': 'application/json', 'user-agent': 'UA-Client/27.14.4~22.04'}, data: None", {}]
["2023-05-15T20:26:31.207", "DEBUG", "root", "readurl", 341, "URL [GET] response: https://livepatch.canonical.com/v1/api/kernels/supported?architecture=amd64&codename=jammy&flavour=generic&kernel-version=5.15, headers: {'Connection': 'close', 'Content-Length': '18', 'Content-Type': 'application/json', 'Date': 'Mon, 15 May 2023 20:26:31 GMT', 'Set-Cookie': 'SRVNAME=S1; path=/'}, data: {'Supported': True}", {}]
["2023-05-15T20:26:31.208", "DEBUG", "root", "write_file", 382, "Writing file /tmp/ubuntu-advantage/livepatch-kernel-support-cache.json atomically via tempfile /tmp/ubuntu-advantage/tmplwe7dfrq", {}]
["2023-05-15T20:26:31.208", "DEBUG", "uaclient.status", "_unattached_status", 258, "Ignoring availability of unknown service livepatch-onprem from contract server\n", {}]
["2023-05-15T20:26:31.209", "DEBUG", "uaclient.status", "_unattached_status", 258, "Ignoring availability of unknown service support from contract server\n", {}]
["2023-05-15T20:26:31.209", "DEBUG", "root", "write_file", 382, "Writing file /var/lib/ubuntu-advantage/status.json atomically via tempfile /var/lib/ubuntu-advantage/tmpc22x0hsr", {}]
["2023-05-15T20:26:31.211", "DEBUG", "root", "load_file", 356, "Reading file: /var/lib/ubuntu-advantage/private/machine-token.json", {}]
["2023-05-15T20:26:31.211", "DEBUG", "uaclient.files.files", "read", 55, "File does not exist: /var/lib/ubuntu-advantage/private/machine-token.json", {}]
["2023-05-15T20:26:31.211", "DEBUG", "root", "write_file", 382, "Writing file /var/lib/ubuntu-advantage/apt-esm/etc/apt/sources.list.d/ubuntu-esm-apps.list atomically via tempfile /var/lib/ubuntu-advantage/apt-esm/etc/apt/sources.list.d/tmpenhq14gq", {}]
["2023-05-15T20:26:31.212", "DEBUG", "root", "export_gpg_key", 18, "Exporting GPG key /usr/share/keyrings/ubuntu-advantage-esm-apps.gpg", {}]
["2023-05-15T20:36:56.534", "DEBUG", "root", "load_file", 356, "Reading file: /etc/os-release", {}]
["2023-05-15T20:36:56.538", "DEBUG", "root", "load_file", 356, "Reading file: /proc/version_signature", {}]
["2023-05-15T20:36:56.567", "DEBUG", "root", "load_file", 356, "Reading file: /var/lib/ubuntu-advantage/status.json", {}]
["2023-05-15T20:36:56.572", "DEBUG", "root", "load_file", 356, "Reading file: /var/lib/ubuntu-advantage/private/machine-token.json", {}]
["2023-05-15T20:36:56.572", "DEBUG", "uaclient.files.files", "read", 55, "File does not exist: /var/lib/ubuntu-advantage/private/machine-token.json", {}]
